0 info it worked if it ends with ok
1 verbose cli [ '/Users/devteam/.nvm/versions/node/v6.11.5/bin/node',
1 verbose cli   '/Users/devteam/.nvm/versions/node/v6.11.5/bin/npm',
1 verbose cli   'run',
1 verbose cli   'dev' ]
2 info using npm@3.10.10
3 info using node@v6.11.5
4 verbose run-script [ 'predev', 'dev', 'postdev' ]
5 info lifecycle nextjs@1.0.0~predev: nextjs@1.0.0
6 silly lifecycle nextjs@1.0.0~predev: no script for predev, continuing
7 info lifecycle nextjs@1.0.0~dev: nextjs@1.0.0
8 verbose lifecycle nextjs@1.0.0~dev: unsafe-perm in lifecycle true
9 verbose lifecycle nextjs@1.0.0~dev: PATH: /Users/devteam/.nvm/versions/node/v6.11.5/lib/node_modules/npm/bin/node-gyp-bin:/Users/devteam/Documents/Projects/nextjs/node_modules/.bin:/Users/devteam/.nvm/versions/node/v6.11.5/bin:/usr/local/bin:/usr/bin:/bin:/usr/sbin:/sbin:/Users/devteam/.nvm/versions/node/v6.11.5/bin
10 verbose lifecycle nextjs@1.0.0~dev: CWD: /Users/devteam/Documents/Projects/nextjs
11 silly lifecycle nextjs@1.0.0~dev: Args: [ '-c', 'next' ]
12 silly lifecycle nextjs@1.0.0~dev: Returned: code: 1  signal: null
13 info lifecycle nextjs@1.0.0~dev: Failed to exec dev script
14 verbose stack Error: nextjs@1.0.0 dev: `next`
14 verbose stack Exit status 1
14 verbose stack     at EventEmitter.<anonymous> (/Users/devteam/.nvm/versions/node/v6.11.5/lib/node_modules/npm/lib/utils/lifecycle.js:255:16)
14 verbose stack     at emitTwo (events.js:106:13)
14 verbose stack     at EventEmitter.emit (events.js:191:7)
14 verbose stack     at ChildProcess.<anonymous> (/Users/devteam/.nvm/versions/node/v6.11.5/lib/node_modules/npm/lib/utils/spawn.js:40:14)
14 verbose stack     at emitTwo (events.js:106:13)
14 verbose stack     at ChildProcess.emit (events.js:191:7)
14 verbose stack     at maybeClose (internal/child_process.js:920:16)
14 verbose stack     at Process.ChildProcess._handle.onexit (internal/child_process.js:230:5)
15 verbose pkgid nextjs@1.0.0
16 verbose cwd /Users/devteam/Documents/Projects/nextjs
17 error Darwin 18.7.0
18 error argv "/Users/devteam/.nvm/versions/node/v6.11.5/bin/node" "/Users/devteam/.nvm/versions/node/v6.11.5/bin/npm" "run" "dev"
19 error node v6.11.5
20 error npm  v3.10.10
21 error code ELIFECYCLE
22 error nextjs@1.0.0 dev: `next`
22 error Exit status 1
23 error Failed at the nextjs@1.0.0 dev script 'next'.
23 error Make sure you have the latest version of node.js and npm installed.
23 error If you do, this is most likely a problem with the nextjs package,
23 error not with npm itself.
23 error Tell the author that this fails on your system:
23 error     next
23 error You can get information on how to open an issue for this project with:
23 error     npm bugs nextjs
23 error Or if that isn't available, you can get their info via:
23 error     npm owner ls nextjs
23 error There is likely additional logging output above.
24 verbose exit [ 1, true ]
